
ROM used:   3726/16384 (23%)
            3785/16384 (23%) including unused fragments

            1.2 Average locations per line
            5.3 Average locations per statement

RAM used:   463/1024 (45%) at main() level
            511/1024 (50%) worst case

Stack used: 3 worst case (3 in main + 0 for interrupts)
Stack size: 16

Lines Stmts  %   Files
----- ----- ---  -----
  120    55   8  pic16lf1518.c
   13     0   0  pic16lf1518.h
  765     0   0  ..\..\..\..\..\Program Files\PICC\Devices\16LF1518.h
  459   159  23  tinyGPS.h
 1352   359  51  ..\..\..\..\..\Program Files\PICC\Drivers\stdlib.h
   32     0   0  ..\..\..\..\..\Program Files\PICC\Drivers\stddef.h
  435   129  18  ..\..\..\..\..\Program Files\PICC\Drivers\string.h
   28     0   0  ..\..\..\..\..\Program Files\PICC\Drivers\ctype.h
----- -----
 3204   702 Total

Page ROM  %  RAM    Vol Diff  Functions:
---- --- --- ---    --- ----  ----------
0     22   1    1             @delay_ms1
0      8   0    1             @PUTCHAR_BIU_1
0     18   0    0   1661  6.3  @GETCH_BIU_1
0     39   1    2   1661  6.3  @MUL88
 Inline        16   1661  6.3  @MULFF
1    205   6   16   1661  6.3  @DIVFF
 Inline        10   1815 10.5  atoi
0     44   1   15   1661  6.3  @MUL3232
 Inline         0     13  1.0  satellites
 Inline         0     13  1.0  hdop
0     15   0    1     51  2.6  gpsisdigit
0     24   1    0     23  1.0  millis
 Inline        12    231  5.8  get_position
1    276   7   16    297  5.5  f_get_position
0     29   1    4   1661  6.3  @DTOF
0     48   1    5    125  5.0  gpsstrcmp
0     43   1    2    213  5.0  from_hex
0     81   2   14   1661  6.3  @DIV3232
0    340   9   26    510  9.0  parse_degrees
0    183   5   10    520  7.1  parse_decimal
0     92   2   12    149  4.3  gpsatol
0    101   3    5    727  8.0  encode
0    640  17    4   3937 12.5  term_complete
0     45   1    0   1661  6.3  @goto11649
0     65   2   10             @FLT
0     21   1    0             @const1105
1     92   2    5             @PSTRINGCN7_673
 Inline         5             @FTOSD
1    378  10   16             @PRINTF_L32D_673FPFPF
0     23   1    3             @DIV88
1    112   3    8             @PRINTF_D_673
1    162   4   16             @PRINTF_L32D_673
1    512  14   15   1611  6.3  MAIN
0      7   0    0   1611  6.3  @const1124
0     79   2    5   1661  6.3  @PSTRINGC7_673
0     19   1    0             @const1130
 Inline         0             @cinit1

Program metrics:
    Functions               25
    Statements              702
    Comments                1143
    Volume (V)              43169
    Difficulty (D)          150.7
    Effort to implement (E) 6507168
    Time to implement (T)   100 hours, 25 minutes
    Est Delivered Bugs (B)  12
    Cyclomatic Complexity   134
    Maintainability (MI)    34

 Segment     Used  Free
-----------  ----  ----
00000-00002     3  0  
00003-007FF  1986  59  
00800-00FFF  1737  311  
01000-017FF     0  2048  
01800-01FFF     0  2048  
02000-027FF     0  2048  
02800-02FFF     0  2048  
03000-037FF     0  2048  
03800-03FFF     0  2048  



