
ROM used:   3766/16384 (23%)
            3787/16384 (23%) including unused fragments

            0.9 Average locations per line
            5.4 Average locations per statement

RAM used:   1262/2048 (62%) at main() level
            1311/2048 (64%) worst case

Stack used: 3 worst case (3 in main + 0 for interrupts)
Stack size: 16

Lines Stmts  %   Files
----- ----- ---  -----
  197    47   7  main.c
   14     0   0  main.h
 1876     0   0  ..\..\..\..\..\Program Files\PICC\Devices\16LF19156.h
  462   159  23  tinyGPS.h
 1352   359  52  ..\..\..\..\..\Program Files\PICC\Drivers\stdlib.h
   32     0   0  ..\..\..\..\..\Program Files\PICC\Drivers\stddef.h
  435   129  19  ..\..\..\..\..\Program Files\PICC\Drivers\string.h
   28     0   0  ..\..\..\..\..\Program Files\PICC\Drivers\ctype.h
----- -----
 4396   694 Total

Page ROM  %  RAM    Vol Diff  Functions:
---- --- --- ---    --- ----  ----------
0     14   0    1             @delay_ms1
0      9   0    1             @PUTCHAR_BIU_1
0     19   1    0    496  8.2  @GETCH_BIU_1
0     39   1    2    196  6.1  @MUL88
 Inline        16             @MULFF
1    205   5   16   1815 10.5  @DIVFF
 Inline        10   1815 10.5  atoi
0     44   1   15             @MUL3232
 Inline         0     13  1.0  satellites
 Inline         0     13  1.0  hdop
0     15   0    1     51  2.6  gpsisdigit
0     24   1    0     23  1.0  millis
 Inline        12    231  5.8  get_position
1    276   7   16    297  5.5  f_get_position
0     29   1    4    125  5.0  @DTOF
0     48   1    5    125  5.0  gpsstrcmp
0     43   1    2    213  5.0  from_hex
0     81   2   14    510  9.0  @DIV3232
0    340   9   26    510  9.0  parse_degrees
0    183   5   10    520  7.1  parse_decimal
0     92   2   12    149  4.3  gpsatol
0    101   3    5    727  8.0  encode
0    640  17    4   3937 12.5  term_complete
0     45   1    0    160  4.0  @goto47453
1    587  16   15   1795  6.3  MAIN
0      7   0    0             @const1315
0     79   2    5             @PSTRINGC7_892
0     65   2   10             @FLT
0     19   1    0             @const1327
0     88   2    5             @PSTRINGCN7_892
 Inline         5             @FTOSD
1    378  10   16             @PRINTF_L32D_892FPFPF
1     23   1    3             @DIV88
1    108   3    8             @PRINTF_D_892
1    162   4   16             @PRINTF_L32D_892
 Inline         0             @cinit1

Program metrics:
    Functions               21
    Statements              694
    Comments                1425
    Volume (V)              21364
    Difficulty (D)          129.6
    Effort to implement (E) 2767807
    Time to implement (T)   42 hours, 43 minutes
    Est Delivered Bugs (B)  7
    Cyclomatic Complexity   78
    Maintainability (MI)    87

 Segment     Used  Free
-----------  ----  ----
00000-00002     3  0  
00003-007FF  2024  21  
00800-00FFF  1739  309  
01000-017FF     0  2048  
01800-01FFF     0  2048  
02000-027FF     0  2048  
02800-02FFF     0  2048  
03000-037FF     0  2048  
03800-03FFF     0  2048  



